<?xml version="1.0" encoding="UTF-8"?>
<!-- Generated by org.testng.reporters.JUnitReportReporter -->
<testsuite skipped="0" hostname="User-PC" name="org.test.Test1" tests="3" failures="0" timestamp="11 Aug 2022 08:18:09 GMT" time="0.014" errors="0">
  <testcase name="tc2" time="0.002" classname="org.test.Test1"/>
  <testcase name="tc3" time="0.004" classname="org.test.Test1"/>
  <testcase name="tc1" time="0.008" classname="org.test.Test1"/>
</testsuite> <!-- org.test.Test1 -->
